<?xml version="1.0" encoding="UTF-8"?>
<testng-results ignored="0" total="1" passed="1" failed="0" skipped="0">
  <reporter-output>
  </reporter-output>
  <suite started-at="2026-07-21T10:05:54 IST" name="Default suite" finished-at="2026-07-21T10:06:12 IST" duration-ms="17878">
    <groups>
    </groups>
    <test started-at="2026-07-21T10:05:54 IST" name="Default test" finished-at="2026-07-21T10:06:12 IST" duration-ms="17878">
      <class name="tests.ClaimTest">
        <test-method is-config="true" signature="setUp()[pri:0, instance:tests.ClaimTest@131774fe]" started-at="2026-07-21T10:05:54 IST" name="setUp" finished-at="2026-07-21T10:06:01 IST" duration-ms="6328" status="PASS">
          <reporter-output>
          </reporter-output>
        </test-method> <!-- setUp -->
        <test-method signature="testInitiateClaimWorkflow()[pri:0, instance:tests.ClaimTest@131774fe]" started-at="2026-07-21T10:06:01 IST" name="testInitiateClaimWorkflow" description="Verify claim process" finished-at="2026-07-21T10:06:12 IST" duration-ms="11421" status="PASS">
          <reporter-output>
          </reporter-output>
        </test-method> <!-- testInitiateClaimWorkflow -->
        <test-method is-config="true" signature="tearDown()[pri:0, instance:tests.ClaimTest@131774fe]" started-at="2026-07-21T10:06:12 IST" name="tearDown" finished-at="2026-07-21T10:06:12 IST" duration-ms="105" status="PASS">
          <reporter-output>
          </reporter-output>
        </test-method> <!-- tearDown -->
      </class> <!-- tests.ClaimTest -->
    </test> <!-- Default test -->
  </suite> <!-- Default suite -->
</testng-results>
