<?xml version="1.0" encoding="UTF-8"?>
<!-- Generated by org.testng.reporters.JUnitXMLReporter -->
<testsuite ignored="1" hostname="Loves-MacBook-Air.local" failures="0" tests="1" name="Default test" time="1.641" errors="0" timestamp="2026-07-21T01:59:53 IST">
  <testcase classname="tests.ReqresApiTest" name="getUserSuccessfully" time="1.4"/>
  <testcase classname="tests.ReqresApiTest" name="getNonExistingUser" time="0.0">
    <ignored/>
  </testcase> <!-- getNonExistingUser -->
</testsuite> <!-- Default test -->
