<?xml version="1.0" encoding="UTF-8"?>
<testng-results ignored="0" total="2" passed="2" failed="0" skipped="0">
  <reporter-output>
  </reporter-output>
  <suite started-at="2026-07-21T09:56:32 IST" name="Reqres API Test Suite" finished-at="2026-07-21T09:56:34 IST" duration-ms="2775">
    <groups>
    </groups>
    <test started-at="2026-07-21T09:56:32 IST" name="Reqres Tests" finished-at="2026-07-21T09:56:34 IST" duration-ms="2775">
      <class name="tests.ReqresApiTest">
        <test-method is-config="true" signature="setup()[pri:0, instance:tests.ReqresApiTest@72d1ad2e]" started-at="2026-07-21T09:56:32 IST" name="setup" finished-at="2026-07-21T09:56:32 IST" duration-ms="212" status="PASS">
          <reporter-output>
          </reporter-output>
        </test-method> <!-- setup -->
        <test-method signature="getNonExistingUser()[pri:0, instance:tests.ReqresApiTest@72d1ad2e]" started-at="2026-07-21T09:56:32 IST" name="getNonExistingUser" finished-at="2026-07-21T09:56:33 IST" duration-ms="1424" status="PASS">
          <reporter-output>
          </reporter-output>
        </test-method> <!-- getNonExistingUser -->
        <test-method signature="getUserSuccessfully()[pri:0, instance:tests.ReqresApiTest@72d1ad2e]" started-at="2026-07-21T09:56:33 IST" name="getUserSuccessfully" finished-at="2026-07-21T09:56:34 IST" duration-ms="1121" status="PASS">
          <reporter-output>
          </reporter-output>
        </test-method> <!-- getUserSuccessfully -->
      </class> <!-- tests.ReqresApiTest -->
    </test> <!-- Reqres Tests -->
  </suite> <!-- Reqres API Test Suite -->
</testng-results>
